cl : command line  warning D9035: option 'Gm' has been deprecated and will be removed in a future release
  zone.cpp
  world.cpp
  wad.cpp
  view.cpp
  sys_sdl_win.cpp
D:\Ark engine\Quake\sys_sdl_win.cpp(237,7): warning C4996: 'GetVersionExA': was declared deprecated
  sv_user.cpp
  sv_phys.cpp
  sv_move.cpp
  sv_main.cpp
  strlcpy.cpp
  strlcat.cpp
  snd_xmp.cpp
  snd_wave.cpp
  snd_vorbis.cpp
  snd_umx.cpp
  snd_sdl.cpp
  snd_opus.cpp
  snd_mp3tag.cpp
  snd_mp3.cpp
  snd_modplug.cpp
  Generating Code...
  Compiling...
  snd_mix.cpp
  snd_mikmod.cpp
  snd_mem.cpp
  snd_flac.cpp
  snd_dma.cpp
  snd_codec.cpp
  sbar.cpp
  r_world.cpp
  r_sprite.cpp
  r_part.cpp
  r_brush.cpp
  r_alias.cpp
  pr_exec.cpp
  pr_edict.cpp
  pr_cmds.cpp
  pl_win.cpp
  net_wipx.cpp
  net_wins.cpp
  net_win.cpp
  net_main.cpp
  Generating Code...
  Compiling...
  net_loop.cpp
  net_dgrm.cpp
  miniz.cpp
  menu.cpp
  mathlib.cpp
  main_sdl.cpp
  keys.cpp
  in_sdl.cpp
  image.cpp
  host_cmd.cpp
  host.cpp
  gl_warp.cpp
  gl_vidsdl.cpp
  gl_texmgr.cpp
  gl_sky.cpp
  gl_screen.cpp
  gl_rmisc.cpp
  gl_rmain.cpp
  gl_rlight.cpp
D:\Ark engine\Quake\gl_rlight.cpp(200,14): warning C4018: '<': signed/unsigned mismatch
D:\Ark engine\Quake\gl_rlight.cpp(318,16): warning C4018: '<': signed/unsigned mismatch
  gl_refrag.cpp
  Generating Code...
  Compiling...
  gl_model.cpp
  gl_mesh.cpp
  gl_fog.cpp
  gl_draw.cpp
  cvar.cpp
  crc.cpp
  console.cpp
  common.cpp
  cmd.cpp
  cl_tent.cpp
  cl_parse.cpp
  cl_main.cpp
  cl_input.cpp
  cl_demo.cpp
  chase.cpp
  cfgfile.cpp
  cd_sdl.cpp
  Warning: SDL CDAudio support disabled
  bgmusic.cpp
  Generating Code...
bgmusic.obj : warning LNK4075: ignoring '/EDITANDCONTINUE' due to '/SAFESEH' specification
  quakespasm-sdl2.vcxproj -> D:\Ark engine\Windows\VisualStudio\Build-Ark engine\x86\Debug\Ark engine.exe
  D:\Ark engine\Windows\VisualStudio\\..\codecs\x86\libFLAC-8.dll
  D:\Ark engine\Windows\VisualStudio\\..\codecs\x86\libmad-0.dll
  D:\Ark engine\Windows\VisualStudio\\..\codecs\x86\libmikmod-3.dll
  D:\Ark engine\Windows\VisualStudio\\..\codecs\x86\libmpg123-0.dll
  D:\Ark engine\Windows\VisualStudio\\..\codecs\x86\libogg-0.dll
  D:\Ark engine\Windows\VisualStudio\\..\codecs\x86\libopus-0.dll
  D:\Ark engine\Windows\VisualStudio\\..\codecs\x86\libopusfile-0.dll
  D:\Ark engine\Windows\VisualStudio\\..\codecs\x86\libvorbis-0.dll
  D:\Ark engine\Windows\VisualStudio\\..\codecs\x86\libvorbisfile-3.dll
  D:\Ark engine\Windows\VisualStudio\\..\codecs\x86\libxmp.dll
         10 file(s) copied.
  D:\Ark engine\Windows\VisualStudio\\..\SDL2\lib\SDL2.dll
          1 file(s) copied.
